<?xml version="1.0" encoding="UTF-8"?>
<testng-results ignored="0" total="1" passed="1" failed="0" skipped="0">
  <reporter-output>
  </reporter-output>
  <suite started-at="2023-09-30T17:46:41 PKT" name="Surefire suite" finished-at="2023-09-30T17:46:47 PKT" duration-ms="5765">
    <groups>
      <group name="cucumber">
        <method signature="AbstractTestNGCucumberTests.runScenario(io.cucumber.testng.PickleWrapper,io.cucumber.testng.FeatureWrapper)[pri:0, instance:cucumberOptions.TestNGTestRunner@433d61fb]" name="runScenario" class="io.cucumber.testng.AbstractTestNGCucumberTests"/>
      </group> <!-- cucumber -->
    </groups>
    <test started-at="2023-09-30T17:46:41 PKT" name="Surefire test" finished-at="2023-09-30T17:46:47 PKT" duration-ms="5765">
      <class name="cucumberOptions.TestNGTestRunner">
        <test-method is-config="true" signature="setUpClass()[pri:0, instance:cucumberOptions.TestNGTestRunner@433d61fb]" started-at="2023-09-30T17:46:41 PKT" name="setUpClass" finished-at="2023-09-30T17:46:42 PKT" duration-ms="641" status="PASS">
          <reporter-output>
          </reporter-output>
        </test-method> <!-- setUpClass -->
        <test-method signature="runScenario(io.cucumber.testng.PickleWrapper,io.cucumber.testng.FeatureWrapper)[pri:0, instance:cucumberOptions.TestNGTestRunner@433d61fb]" started-at="2023-09-30T17:46:42 PKT" name="runScenario" description="Runs Cucumber Scenarios" data-provider="scenarios" finished-at="2023-09-30T17:46:47 PKT" duration-ms="4668" status="PASS">
          <params>
            <param index="0">
              <value>
                <![CDATA["Verify the E2E Checkout process on the site"]]>
              </value>
            </param>
            <param index="1">
              <value>
                <![CDATA["Optional[Login into the Sauce Demo - Swag Labs website and then proceed with the Checkout Process]"]]>
              </value>
            </param>
          </params>
          <reporter-output>
          </reporter-output>
        </test-method> <!-- runScenario -->
        <test-method is-config="true" signature="tearDownClass()[pri:0, instance:cucumberOptions.TestNGTestRunner@433d61fb]" started-at="2023-09-30T17:46:47 PKT" name="tearDownClass" finished-at="2023-09-30T17:46:47 PKT" duration-ms="431" status="PASS">
          <reporter-output>
          </reporter-output>
        </test-method> <!-- tearDownClass -->
      </class> <!-- cucumberOptions.TestNGTestRunner -->
    </test> <!-- Surefire test -->
  </suite> <!-- Surefire suite -->
</testng-results>
